<?xml version="1.0" encoding="UTF-8"?>
<!-- Generated by org.testng.reporters.JUnitXMLReporter -->
<testsuite ignored="0" hostname="Tech-Nayan" failures="0" tests="2" name="Default test" time="38.017" errors="0" timestamp="14 Jan 2023 07:47:19 GMT">
  <testcase classname="neoStoxTestClass.ValidateNeoStoxUserNameUsingPropertyFile" name="validateACBalance" time="0.03"/>
  <testcase classname="neoStoxTestClass.ValidateNeoStoxUserNameUsingPropertyFile" name="validateUserName" time="0.023"/>
</testsuite> <!-- Default test -->
