<?xml version="1.0" encoding="UTF-8"?>
<!-- Generated by org.testng.reporters.JUnitXMLReporter -->
<testsuite ignored="0" hostname="Tech-Nayan" failures="0" tests="2" name="Test" time="42.652" errors="0" timestamp="30 Jan 2023 17:04:09 GMT">
  <testcase classname="neoStoxTestClass.ValidateNeoStoxUserNameUsingPropertyFile" name="validateACBalance" time="0.072"/>
  <testcase classname="neoStoxTestClass.ValidateNeoStoxUserNameUsingPropertyFile" name="validateUserName" time="0.06"/>
</testsuite> <!-- Test -->
